<?xml version="1.0" encoding="UTF-8"?>
<testsuite name="com.phantom.ghostshift.SlotManagerTest" tests="2" skipped="0" failures="0" errors="0" timestamp="2026-01-25T10:43:42" hostname="DESKTOP-K" time="0.002">
  <properties/>
  <testcase name="test invalid tag returns null" classname="com.phantom.ghostshift.SlotManagerTest" time="0.001"/>
  <testcase name="test tag sequence IN OUT" classname="com.phantom.ghostshift.SlotManagerTest" time="0.001"/>
  <system-out><![CDATA[]]></system-out>
  <system-err><![CDATA[]]></system-err>
</testsuite>
