<?xml version="1.0" encoding="UTF-8"?>
<testsuite name="com.phantom.ghostshift.UnlockLogicTest" tests="2" skipped="0" failures="0" errors="0" timestamp="2026-01-25T08:35:30" hostname="DESKTOP-K" time="0.001">
  <properties/>
  <testcase name="testUnlock_Contiguous20Pairs_ShouldReturn20" classname="com.phantom.ghostshift.UnlockLogicTest" time="0.0"/>
  <testcase name="testUnlock_BrokenSequence_ShouldReturn0" classname="com.phantom.ghostshift.UnlockLogicTest" time="0.0"/>
  <system-out><![CDATA[]]></system-out>
  <system-err><![CDATA[]]></system-err>
</testsuite>
