<?xml version="1.0" encoding="UTF-8"?>
<testsuite name="com.phantom.ghostshift.ScheduleCalculatorTest" tests="3" skipped="0" failures="0" errors="0" timestamp="2026-01-25T10:43:41" hostname="DESKTOP-K" time="0.309">
  <properties/>
  <testcase name="testGateOpen_withDownloadedPhoto_InsufficientPhotos" classname="com.phantom.ghostshift.ScheduleCalculatorTest" time="0.302"/>
  <testcase name="testGateOpen_withDownloadedPhoto_SufficientPhotos" classname="com.phantom.ghostshift.ScheduleCalculatorTest" time="0.004"/>
  <testcase name="testGateClosed_withoutAnyExportedPhoto" classname="com.phantom.ghostshift.ScheduleCalculatorTest" time="0.001"/>
  <system-out><![CDATA[]]></system-out>
  <system-err><![CDATA[]]></system-err>
</testsuite>
